<?xml version="1.0" encoding="UTF-8"?>
<!-- Generated by org.testng.reporters.JUnitReportReporter -->
<testsuite skipped="0" hostname="192.168.1.3" name="mytests.AppTest" tests="2" failures="0" timestamp="2022-09-24T12:35:08 IST" time="0.028" errors="0">
  <testcase name="priceTest" time="0.021" classname="mytests.AppTest"/>
  <system-out/>
  <testcase name="homePagetest" time="0.007" classname="mytests.AppTest"/>
  <system-out/>
</testsuite> <!-- mytests.AppTest -->
