<?xml version="1.0" encoding="UTF-8"?>
<!-- Generated by org.testng.reporters.JUnitReportReporter -->
<testsuite skipped="0" hostname="192.168.1.3" name="mytests.DataProviderConcept" tests="2" failures="0" timestamp="2022-09-25T13:01:32 IST" time="0.004" errors="0">
  <testcase name="loginTest" time="0.002" classname="mytests.DataProviderConcept"/>
  <system-out/>
  <testcase name="loginTest" time="0.002" classname="mytests.DataProviderConcept"/>
  <system-out/>
</testsuite> <!-- mytests.DataProviderConcept -->
