<?xml version="1.0" encoding="UTF-8"?>
<!-- Generated by org.testng.reporters.JUnitReportReporter -->
<testsuite skipped="0" hostname="192.168.1.3" name="mytests.GoogleTest" tests="1" failures="0" timestamp="2022-09-25T13:49:00 IST" time="16.188" errors="0">
  <testcase name="logoTest" time="16.188" classname="mytests.GoogleTest"/>
  <system-out/>
</testsuite> <!-- mytests.GoogleTest -->
